<?xml version="1.0" encoding="UTF-8"?>
<!-- Generated by org.testng.reporters.JUnitReportReporter -->
<testsuite hostname="DESKTOP-VMLR7DK" failures="0" tests="1" name="com.sausedemo.TestPack.TC01VerifyLoginFuctionality" time="10.191" errors="0" timestamp="2023-09-09T11:37:59 IST" skipped="0">
  <testcase classname="com.sausedemo.TestPack.TC01VerifyLoginFuctionality" name="verifyLoginFuctionality" time="10.191"/>
  <system-out/>
</testsuite> <!-- com.sausedemo.TestPack.TC01VerifyLoginFuctionality -->
