<?xml version="1.0" encoding="UTF-8"?>
<!-- Generated by org.testng.reporters.JUnitReportReporter -->
<testsuite hostname="DESKTOP-VMLR7DK" failures="0" tests="1" name="com.saucedemo.TestPack.TC2_VerifyLogOutFunctionality" time="9.656" errors="0" timestamp="2023-09-08T20:28:21 IST" skipped="0">
  <testcase classname="com.saucedemo.TestPack.TC2_VerifyLogOutFunctionality" name="verifyLogOutFunctionality" time="9.656"/>
  <system-out/>
</testsuite> <!-- com.saucedemo.TestPack.TC2_VerifyLogOutFunctionality -->
